<<<<<<< HEAD
14:09:31 **** Build of configuration Default for project shuQi ****
make VERBOSE=1 flash 
Flashing: _build/nrf52832_xxaa.hex
nrfjprog --program _build/nrf52832_xxaa.hex -f nrf52 --sectorerase
Parsing hex file.
Erasing page at address 0x1F000.
Erasing page at address 0x20000.
Erasing page at address 0x21000.
Erasing page at address 0x22000.
Erasing page at address 0x23000.
Erasing page at address 0x24000.
Erasing page at address 0x25000.
Erasing page at address 0x26000.
Erasing page at address 0x27000.
Erasing page at address 0x28000.
Erasing page at address 0x29000.
Erasing page at address 0x2A000.
Erasing page at address 0x2B000.
Erasing page at address 0x2C000.
Erasing page at address 0x2D000.
Erasing page at address 0x2E000.
Erasing page at address 0x2F000.
Erasing page at address 0x30000.
Applying system reset.
Checking that the area to write is not protected.
Programing device.
nrfjprog --reset -f nrf52
Applying system reset.
Run.
14:11:31 **** Incremental Build of configuration Default for project shuQi ****
make VERBOSE=1 all 
make: rien à faire pour « all ».
=======
14:31:30 **** Incremental Build of configuration Default for project shuQi ****
make VERBOSE=1 all 
Compiling file: app.c
'/opt/gcc-arm-none-eabi-6-2017-q1-update//bin/arm-none-eabi-gcc' -MP -MD -std=c99 -DNRF52 -DNRF52_PAN_36 -DNRF52_PAN_64 -DSOFTDEVICE_PRESENT -DBOARD_CUSTOM -DNRF52832 -DNRF52_PAN_12 -DNRF52_PAN_58 -DNRF52_PAN_54 -DNRF52_PAN_31 -DNRF52_PAN_51 -D__HEAP_SIZE=0 -DCONFIG_GPIO_AS_PINRESET -DBLE_STACK_SUPPORT_REQD -DNRF52_PAN_15 -DNRF_SD_BLE_API_VERSION=3 -DSWI_DISABLE0 -DNRF52_PAN_20 -DNRF52_PAN_55 -DS132 -mcpu=cortex-m4 -mthumb -mabi=aapcs -Wall -O0 -g3 -std=c99 -mfloat-abi=hard -mfpu=fpv4-sp-d16 -ffunction-sections -fdata-sections -fno-strict-aliasing -fno-builtin --short-enums  -I"../../../../../../components/drivers_nrf/comp"   -I"../../../../../../components/drivers_nrf/twi_master"   -I"../../../../../../components/ble/ble_services/ble_ancs_c"   -I"../../../../../../components/ble/ble_services/ble_ias_c"   -I"../../../../../../components/libraries/pwm"   -I"../../../../../../components/softdevice/s132/headers/nrf52"   -I"../../../../../../components/libraries/usbd/class/cdc/acm"   -I"../../../../../../components/libraries/usbd/class/hid/generic"   -I"../../../../../../components/libraries/usbd/class/msc"   -I"../../../../../../components/libraries/usbd/class/hid"   -I"../../../../../../components/libraries/log"   -I"../../../../../../components/ble/ble_services/ble_gls"   -I"../../../../../../components/libraries/fstorage"   -I"../../../../../../components/drivers_nrf/i2s"   -I"../../../../../../components/libraries/gpiote"   -I"../../../../../../components/drivers_nrf/gpiote"   -I"../../../../../../components/boards"   -I"../../../../../../components/drivers_nrf/common"   -I"../../../../../../components/ble/ble_advertising"   -I"../../../../../../components/drivers_nrf/adc"   -I"../../../../../../components/ble/ble_services/ble_bas_c"   -I"../../../../../../components/ble/ble_services/ble_hrs_c"   -I"../../../../../../components/libraries/queue"   -I"../../../../../../components/ble/ble_dtm"   -I"../../../../../../components/toolchain/cmsis/include"   -I"../../../../../../components/ble/ble_services/ble_rscs_c"   -I"../../../../../../components/drivers_nrf/uart"   -I"../../../../../../components/ble/common"   -I"../../../../../../components/ble/ble_services/ble_lls"   -I"../../../../../../components/drivers_nrf/wdt"   -I"../../../../../../components/libraries/bsp"   -I"../../../../../../components/ble/ble_services/ble_bas"   -I"../../../../../../components/libraries/experimental_section_vars"   -I"../../../../../../components/softdevice/s132/headers"   -I"../../../../../../components/ble/ble_services/ble_ans_c"   -I"../../../../../../components/libraries/slip"   -I"../../../../../../components/libraries/mem_manager"   -I"../../../../../../external/segger_rtt"   -I"../../../../../../components/libraries/csense_drv"   -I"../../../../../../components/drivers_nrf/hal"   -I"../../../../../../components/ble/ble_services/ble_nus_c"   -I"../../../../../../components/drivers_nrf/rtc"   -I"../../../../../../components/ble/ble_services/ble_ias"   -I"../../../../../../components/libraries/usbd/class/hid/mouse"   -I"../../../../../../components/drivers_nrf/ppi"   -I"../../../../../../components/ble/ble_services/ble_dfu"   -I"../../../../../../components/drivers_nrf/twis_slave"   -I"../../../../../../components"   -I"../../../../../../components/libraries/scheduler"   -I"../../../../../../components/ble/ble_services/ble_lbs"   -I"../../../../../../components/ble/ble_services/ble_hts"   -I"../../../../../../components/drivers_nrf/delay"   -I"../../../../../../components/libraries/crc16"   -I"../../../../../../components/drivers_nrf/timer"   -I"../../../../../../components/libraries/util"   -I"../../../../../../components/drivers_nrf/pwm"   -I"../config"   -I"../../../../../../components/libraries/usbd/class/cdc"   -I"../../../../../../components/libraries/csense"   -I"../../../../../../components/drivers_nrf/rng"   -I"../../../../../../components/libraries/low_power_pwm"   -I"../../../../../../components/libraries/hardfault"   -I"../../../../../../components/ble/ble_services/ble_cscs"   -I"../../../../../../components/libraries/uart"   -I"../../../../../../components/libraries/hci"   -I"../../../../../../components/libraries/usbd/class/hid/kbd"   -I"../../../../../../components/drivers_nrf/spi_slave"   -I"../../../../../../components/drivers_nrf/lpcomp"   -I"../../../../../../components/libraries/timer"   -I"../../../../../../components/drivers_nrf/power"   -I"../../../../../../components/libraries/usbd/config"   -I"../../../../../../components/toolchain"   -I"../../../../../../components/libraries/led_softblink"   -I"../../../../../../components/drivers_nrf/qdec"   -I"../../../../../../components/ble/ble_services/ble_cts_c"   -I"../../../../../../components/drivers_nrf/spi_master"   -I"../../../../../../components/ble/ble_services/ble_nus"   -I"../../../../../../components/ble/ble_services/ble_hids"   -I"../../../../../../components/drivers_nrf/pdm"   -I"../../../../../../components/libraries/crc32"   -I"../../../../../../components/libraries/usbd/class/audio"   -I"../../../../../../components/ble/peer_manager"   -I"../../../../../../components/drivers_nrf/swi"   -I"../../../../../../components/ble/ble_services/ble_tps"   -I"../../../../../../components/ble/ble_services/ble_dis"   -I"../../../../../../components/device"   -I"../../../../../../components/ble/nrf_ble_qwr"   -I"../../../../../../components/libraries/button"   -I"../../../../../../components/libraries/usbd"   -I"../../../../../../components/drivers_nrf/saadc"   -I"../../../../../../components/ble/ble_services/ble_lbs_c"   -I"../../../../../../components/ble/ble_racp"   -I"../../../../../../components/toolchain/gcc"   -I"../../../../../../components/libraries/fds"   -I"../../../../../../components/libraries/twi"   -I"../../../../../../components/drivers_nrf/clock"   -I"../../../../../../components/ble/ble_services/ble_rscs"   -I"../../../../../../components/drivers_nrf/usbd"   -I"../../../../../../components/softdevice/common/softdevice_handler"   -I"../../../../../../components/ble/ble_services/ble_hrs"   -I"../../../../../../components/libraries/log/src"   -I"../../../../../../components/libraries/fifo" -c -o _build/nrf52832_xxaa_app.c.o ../../../app.c
In file included from ../../../app.c:11:0:
../../../sk6812.h:32:16: warning: 'blue_level' defined but not used [-Wunused-variable]
 static uint8_t blue_level =0 ;
                ^~~~~~~~~~
../../../sk6812.h:30:16: warning: 'mode' defined but not used [-Wunused-variable]
 static uint8_t mode =0 ; // 0 = one color // 1 = blue effect up // 2 = blue effect down
                ^~~~
Compiling file: rfid.c
'/opt/gcc-arm-none-eabi-6-2017-q1-update//bin/arm-none-eabi-gcc' -MP -MD -std=c99 -DNRF52 -DNRF52_PAN_36 -DNRF52_PAN_64 -DSOFTDEVICE_PRESENT -DBOARD_CUSTOM -DNRF52832 -DNRF52_PAN_12 -DNRF52_PAN_58 -DNRF52_PAN_54 -DNRF52_PAN_31 -DNRF52_PAN_51 -D__HEAP_SIZE=0 -DCONFIG_GPIO_AS_PINRESET -DBLE_STACK_SUPPORT_REQD -DNRF52_PAN_15 -DNRF_SD_BLE_API_VERSION=3 -DSWI_DISABLE0 -DNRF52_PAN_20 -DNRF52_PAN_55 -DS132 -mcpu=cortex-m4 -mthumb -mabi=aapcs -Wall -O0 -g3 -std=c99 -mfloat-abi=hard -mfpu=fpv4-sp-d16 -ffunction-sections -fdata-sections -fno-strict-aliasing -fno-builtin --short-enums  -I"../../../../../../components/drivers_nrf/comp"   -I"../../../../../../components/drivers_nrf/twi_master"   -I"../../../../../../components/ble/ble_services/ble_ancs_c"   -I"../../../../../../components/ble/ble_services/ble_ias_c"   -I"../../../../../../components/libraries/pwm"   -I"../../../../../../components/softdevice/s132/headers/nrf52"   -I"../../../../../../components/libraries/usbd/class/cdc/acm"   -I"../../../../../../components/libraries/usbd/class/hid/generic"   -I"../../../../../../components/libraries/usbd/class/msc"   -I"../../../../../../components/libraries/usbd/class/hid"   -I"../../../../../../components/libraries/log"   -I"../../../../../../components/ble/ble_services/ble_gls"   -I"../../../../../../components/libraries/fstorage"   -I"../../../../../../components/drivers_nrf/i2s"   -I"../../../../../../components/libraries/gpiote"   -I"../../../../../../components/drivers_nrf/gpiote"   -I"../../../../../../components/boards"   -I"../../../../../../components/drivers_nrf/common"   -I"../../../../../../components/ble/ble_advertising"   -I"../../../../../../components/drivers_nrf/adc"   -I"../../../../../../components/ble/ble_services/ble_bas_c"   -I"../../../../../../components/ble/ble_services/ble_hrs_c"   -I"../../../../../../components/libraries/queue"   -I"../../../../../../components/ble/ble_dtm"   -I"../../../../../../components/toolchain/cmsis/include"   -I"../../../../../../components/ble/ble_services/ble_rscs_c"   -I"../../../../../../components/drivers_nrf/uart"   -I"../../../../../../components/ble/common"   -I"../../../../../../components/ble/ble_services/ble_lls"   -I"../../../../../../components/drivers_nrf/wdt"   -I"../../../../../../components/libraries/bsp"   -I"../../../../../../components/ble/ble_services/ble_bas"   -I"../../../../../../components/libraries/experimental_section_vars"   -I"../../../../../../components/softdevice/s132/headers"   -I"../../../../../../components/ble/ble_services/ble_ans_c"   -I"../../../../../../components/libraries/slip"   -I"../../../../../../components/libraries/mem_manager"   -I"../../../../../../external/segger_rtt"   -I"../../../../../../components/libraries/csense_drv"   -I"../../../../../../components/drivers_nrf/hal"   -I"../../../../../../components/ble/ble_services/ble_nus_c"   -I"../../../../../../components/drivers_nrf/rtc"   -I"../../../../../../components/ble/ble_services/ble_ias"   -I"../../../../../../components/libraries/usbd/class/hid/mouse"   -I"../../../../../../components/drivers_nrf/ppi"   -I"../../../../../../components/ble/ble_services/ble_dfu"   -I"../../../../../../components/drivers_nrf/twis_slave"   -I"../../../../../../components"   -I"../../../../../../components/libraries/scheduler"   -I"../../../../../../components/ble/ble_services/ble_lbs"   -I"../../../../../../components/ble/ble_services/ble_hts"   -I"../../../../../../components/drivers_nrf/delay"   -I"../../../../../../components/libraries/crc16"   -I"../../../../../../components/drivers_nrf/timer"   -I"../../../../../../components/libraries/util"   -I"../../../../../../components/drivers_nrf/pwm"   -I"../config"   -I"../../../../../../components/libraries/usbd/class/cdc"   -I"../../../../../../components/libraries/csense"   -I"../../../../../../components/drivers_nrf/rng"   -I"../../../../../../components/libraries/low_power_pwm"   -I"../../../../../../components/libraries/hardfault"   -I"../../../../../../components/ble/ble_services/ble_cscs"   -I"../../../../../../components/libraries/uart"   -I"../../../../../../components/libraries/hci"   -I"../../../../../../components/libraries/usbd/class/hid/kbd"   -I"../../../../../../components/drivers_nrf/spi_slave"   -I"../../../../../../components/drivers_nrf/lpcomp"   -I"../../../../../../components/libraries/timer"   -I"../../../../../../components/drivers_nrf/power"   -I"../../../../../../components/libraries/usbd/config"   -I"../../../../../../components/toolchain"   -I"../../../../../../components/libraries/led_softblink"   -I"../../../../../../components/drivers_nrf/qdec"   -I"../../../../../../components/ble/ble_services/ble_cts_c"   -I"../../../../../../components/drivers_nrf/spi_master"   -I"../../../../../../components/ble/ble_services/ble_nus"   -I"../../../../../../components/ble/ble_services/ble_hids"   -I"../../../../../../components/drivers_nrf/pdm"   -I"../../../../../../components/libraries/crc32"   -I"../../../../../../components/libraries/usbd/class/audio"   -I"../../../../../../components/ble/peer_manager"   -I"../../../../../../components/drivers_nrf/swi"   -I"../../../../../../components/ble/ble_services/ble_tps"   -I"../../../../../../components/ble/ble_services/ble_dis"   -I"../../../../../../components/device"   -I"../../../../../../components/ble/nrf_ble_qwr"   -I"../../../../../../components/libraries/button"   -I"../../../../../../components/libraries/usbd"   -I"../../../../../../components/drivers_nrf/saadc"   -I"../../../../../../components/ble/ble_services/ble_lbs_c"   -I"../../../../../../components/ble/ble_racp"   -I"../../../../../../components/toolchain/gcc"   -I"../../../../../../components/libraries/fds"   -I"../../../../../../components/libraries/twi"   -I"../../../../../../components/drivers_nrf/clock"   -I"../../../../../../components/ble/ble_services/ble_rscs"   -I"../../../../../../components/drivers_nrf/usbd"   -I"../../../../../../components/softdevice/common/softdevice_handler"   -I"../../../../../../components/ble/ble_services/ble_hrs"   -I"../../../../../../components/libraries/log/src"   -I"../../../../../../components/libraries/fifo" -c -o _build/nrf52832_xxaa_rfid.c.o ../../../rfid.c
In file included from ../../../rfid.h:27:0,
                 from ../../../rfid.c:7:
../../../sk6812.h:32:16: warning: 'blue_level' defined but not used [-Wunused-variable]
 static uint8_t blue_level =0 ;
                ^~~~~~~~~~
../../../sk6812.h:30:16: warning: 'mode' defined but not used [-Wunused-variable]
 static uint8_t mode =0 ; // 0 = one color // 1 = blue effect up // 2 = blue effect down
                ^~~~
"make" -s --no-print-directory -f ../../../../../../components/toolchain/gcc/file_list.mk > _build/nrf52832_xxaa.in
Linking target: _build/nrf52832_xxaa.out
'/opt/gcc-arm-none-eabi-6-2017-q1-update//bin/arm-none-eabi-gcc' -Wl,-Map=_build/nrf52832_xxaa.map -mthumb -mabi=aapcs -L ../../../../../../components/toolchain/gcc -Tbluetoothds_template_gcc_nrf52.ld -mcpu=cortex-m4 -mfloat-abi=hard -mfpu=fpv4-sp-d16 -Wl,--gc-sections --specs=nano.specs -lc -lnosys @_build/nrf52832_xxaa.in -lm -o _build/nrf52832_xxaa.out

'/opt/gcc-arm-none-eabi-6-2017-q1-update//bin/arm-none-eabi-size' _build/nrf52832_xxaa.out
   text	   data	    bss	    dec	    hex	filename
  77480	    608	   3504	  81592	  13eb8	_build/nrf52832_xxaa.out

Preparing: _build/nrf52832_xxaa.hex
'/opt/gcc-arm-none-eabi-6-2017-q1-update//bin/arm-none-eabi-objcopy' -O ihex _build/nrf52832_xxaa.out _build/nrf52832_xxaa.hex
Preparing: _build/nrf52832_xxaa.bin
'/opt/gcc-arm-none-eabi-6-2017-q1-update//bin/arm-none-eabi-objcopy' -O binary _build/nrf52832_xxaa.out _build/nrf52832_xxaa.bin
>>>>>>> RFIDV2
